{"/private/var/folders/0l/mc1cqw8n1hjg21hkxmy08d4h0000gn/T/vibe-kanban/worktrees/792d-unit-tests/project/src/hooks/useOfflineSync.ts": {"path":"/private/var/folders/0l/mc1cqw8n1hjg21hkxmy08d4h0000gn/T/vibe-kanban/worktrees/792d-unit-tests/project/src/hooks/useOfflineSync.ts","statementMap":{"0":{"start":{"line":11,"column":8},"end":{"line":11,"column":null}},"1":{"start":{"line":12,"column":38},"end":{"line":12,"column":null}},"2":{"start":{"line":13,"column":32},"end":{"line":13,"column":null}},"3":{"start":{"line":14,"column":8},"end":{"line":14,"column":null}},"4":{"start":{"line":16,"column":8},"end":{"line":41,"column":null}},"5":{"start":{"line":17,"column":4},"end":{"line":17,"column":null}},"6":{"start":{"line":17,"column":43},"end":{"line":17,"column":null}},"7":{"start":{"line":19,"column":4},"end":{"line":19,"column":null}},"8":{"start":{"line":20,"column":4},"end":{"line":20,"column":null}},"9":{"start":{"line":21,"column":4},"end":{"line":40,"column":null}},"10":{"start":{"line":22,"column":20},"end":{"line":22,"column":null}},"11":{"start":{"line":23,"column":6},"end":{"line":23,"column":null}},"12":{"start":{"line":25,"column":6},"end":{"line":36,"column":null}},"13":{"start":{"line":26,"column":8},"end":{"line":35,"column":null}},"14":{"start":{"line":27,"column":28},"end":{"line":27,"column":null}},"15":{"start":{"line":29,"column":10},"end":{"line":32,"column":null}},"16":{"start":{"line":30,"column":12},"end":{"line":30,"column":null}},"17":{"start":{"line":31,"column":12},"end":{"line":31,"column":null}},"18":{"start":{"line":31,"column":38},"end":{"line":31,"column":59}},"19":{"start":{"line":34,"column":10},"end":{"line":34,"column":null}},"20":{"start":{"line":38,"column":6},"end":{"line":38,"column":null}},"21":{"start":{"line":39,"column":6},"end":{"line":39,"column":null}},"22":{"start":{"line":43,"column":2},"end":{"line":47,"column":null}},"23":{"start":{"line":44,"column":4},"end":{"line":46,"column":null}},"24":{"start":{"line":45,"column":6},"end":{"line":45,"column":null}},"25":{"start":{"line":49,"column":2},"end":{"line":55,"column":null}},"26":{"start":{"line":50,"column":29},"end":{"line":53,"column":null}},"27":{"start":{"line":51,"column":20},"end":{"line":51,"column":null}},"28":{"start":{"line":52,"column":6},"end":{"line":52,"column":null}},"29":{"start":{"line":54,"column":4},"end":{"line":54,"column":null}},"30":{"start":{"line":57,"column":8},"end":{"line":79,"column":null}},"31":{"start":{"line":62,"column":6},"end":{"line":76,"column":null}},"32":{"start":{"line":63,"column":8},"end":{"line":71,"column":null}},"33":{"start":{"line":64,"column":28},"end":{"line":64,"column":null}},"34":{"start":{"line":65,"column":10},"end":{"line":65,"column":null}},"35":{"start":{"line":65,"column":21},"end":{"line":65,"column":null}},"36":{"start":{"line":66,"column":10},"end":{"line":66,"column":null}},"37":{"start":{"line":68,"column":10},"end":{"line":68,"column":null}},"38":{"start":{"line":69,"column":10},"end":{"line":69,"column":null}},"39":{"start":{"line":69,"column":36},"end":{"line":69,"column":44}},"40":{"start":{"line":70,"column":10},"end":{"line":70,"column":null}},"41":{"start":{"line":73,"column":8},"end":{"line":73,"column":null}},"42":{"start":{"line":74,"column":8},"end":{"line":74,"column":null}},"43":{"start":{"line":74,"column":34},"end":{"line":74,"column":42}},"44":{"start":{"line":75,"column":8},"end":{"line":75,"column":null}},"45":{"start":{"line":81,"column":2},"end":{"line":87,"column":null}}},"fnMap":{"0":{"name":"useOfflineSync","decl":{"start":{"line":10,"column":16},"end":{"line":10,"column":33}},"loc":{"start":{"line":10,"column":33},"end":{"line":88,"column":null}},"line":10},"1":{"name":"(anonymous_1)","decl":{"start":{"line":16,"column":32},"end":{"line":16,"column":44}},"loc":{"start":{"line":16,"column":44},"end":{"line":41,"column":5}},"line":16},"2":{"name":"(anonymous_2)","decl":{"start":{"line":31,"column":28},"end":{"line":31,"column":29}},"loc":{"start":{"line":31,"column":38},"end":{"line":31,"column":59}},"line":31},"3":{"name":"(anonymous_3)","decl":{"start":{"line":43,"column":12},"end":{"line":43,"column":18}},"loc":{"start":{"line":43,"column":18},"end":{"line":47,"column":5}},"line":43},"4":{"name":"(anonymous_4)","decl":{"start":{"line":49,"column":12},"end":{"line":49,"column":18}},"loc":{"start":{"line":49,"column":18},"end":{"line":55,"column":5}},"line":49},"5":{"name":"(anonymous_5)","decl":{"start":{"line":50,"column":29},"end":{"line":50,"column":41}},"loc":{"start":{"line":50,"column":41},"end":{"line":53,"column":null}},"line":50},"6":{"name":"(anonymous_6)","decl":{"start":{"line":58,"column":4},"end":{"line":58,"column":null}},"loc":{"start":{"line":61,"column":58},"end":{"line":77,"column":null}},"line":61},"7":{"name":"(anonymous_7)","decl":{"start":{"line":69,"column":26},"end":{"line":69,"column":27}},"loc":{"start":{"line":69,"column":36},"end":{"line":69,"column":44}},"line":69},"8":{"name":"(anonymous_8)","decl":{"start":{"line":74,"column":24},"end":{"line":74,"column":25}},"loc":{"start":{"line":74,"column":34},"end":{"line":74,"column":42}},"line":74}},"branchMap":{"0":{"loc":{"start":{"line":17,"column":4},"end":{"line":17,"column":null}},"type":"if","locations":[{"start":{"line":17,"column":4},"end":{"line":17,"column":null}},{"start":{},"end":{}}],"line":17},"1":{"loc":{"start":{"line":17,"column":8},"end":{"line":17,"column":43}},"type":"binary-expr","locations":[{"start":{"line":17,"column":8},"end":{"line":17,"column":21}},{"start":{"line":17,"column":21},"end":{"line":17,"column":43}}],"line":17},"2":{"loc":{"start":{"line":29,"column":10},"end":{"line":32,"column":null}},"type":"if","locations":[{"start":{"line":29,"column":10},"end":{"line":32,"column":null}},{"start":{},"end":{}}],"line":29},"3":{"loc":{"start":{"line":44,"column":4},"end":{"line":46,"column":null}},"type":"if","locations":[{"start":{"line":44,"column":4},"end":{"line":46,"column":null}},{"start":{},"end":{}}],"line":44},"4":{"loc":{"start":{"line":62,"column":6},"end":{"line":76,"column":null}},"type":"if","locations":[{"start":{"line":62,"column":6},"end":{"line":76,"column":null}},{"start":{"line":72,"column":13},"end":{"line":76,"column":null}}],"line":62},"5":{"loc":{"start":{"line":65,"column":10},"end":{"line":65,"column":null}},"type":"if","locations":[{"start":{"line":65,"column":10},"end":{"line":65,"column":null}},{"start":{},"end":{}}],"line":65}},"s":{"0":9,"1":9,"2":9,"3":9,"4":9,"5":2,"6":0,"7":2,"8":2,"9":2,"10":2,"11":2,"12":2,"13":1,"14":1,"15":1,"16":1,"17":1,"18":1,"19":0,"20":2,"21":2,"22":9,"23":4,"24":2,"25":9,"26":4,"27":4,"28":4,"29":4,"30":9,"31":2,"32":1,"33":1,"34":1,"35":1,"36":0,"37":1,"38":1,"39":1,"40":1,"41":1,"42":1,"43":1,"44":1,"45":9},"f":{"0":9,"1":2,"2":1,"3":4,"4":4,"5":4,"6":2,"7":1,"8":1},"b":{"0":[0,2],"1":[2,2],"2":[1,0],"3":[2,2],"4":[1,1],"5":[1,0]},"meta":{"lastBranch":6,"lastFunction":9,"lastStatement":46,"seen":{"f:10:16:10:33":0,"s:11:8:11:Infinity":0,"s:12:38:12:Infinity":1,"s:13:32:13:Infinity":2,"s:14:8:14:Infinity":3,"s:16:8:41:Infinity":4,"f:16:32:16:44":1,"b:17:4:17:Infinity:undefined:undefined:undefined:undefined":0,"s:17:4:17:Infinity":5,"b:17:8:17:21:17:21:17:43":1,"s:17:43:17:Infinity":6,"s:19:4:19:Infinity":7,"s:20:4:20:Infinity":8,"s:21:4:40:Infinity":9,"s:22:20:22:Infinity":10,"s:23:6:23:Infinity":11,"s:25:6:36:Infinity":12,"s:26:8:35:Infinity":13,"s:27:28:27:Infinity":14,"b:29:10:32:Infinity:undefined:undefined:undefined:undefined":2,"s:29:10:32:Infinity":15,"s:30:12:30:Infinity":16,"s:31:12:31:Infinity":17,"f:31:28:31:29":2,"s:31:38:31:59":18,"s:34:10:34:Infinity":19,"s:38:6:38:Infinity":20,"s:39:6:39:Infinity":21,"s:43:2:47:Infinity":22,"f:43:12:43:18":3,"b:44:4:46:Infinity:undefined:undefined:undefined:undefined":3,"s:44:4:46:Infinity":23,"s:45:6:45:Infinity":24,"s:49:2:55:Infinity":25,"f:49:12:49:18":4,"s:50:29:53:Infinity":26,"f:50:29:50:41":5,"s:51:20:51:Infinity":27,"s:52:6:52:Infinity":28,"s:54:4:54:Infinity":29,"s:57:8:79:Infinity":30,"f:58:4:58:Infinity":6,"b:62:6:76:Infinity:72:13:76:Infinity":4,"s:62:6:76:Infinity":31,"s:63:8:71:Infinity":32,"s:64:28:64:Infinity":33,"b:65:10:65:Infinity:undefined:undefined:undefined:undefined":5,"s:65:10:65:Infinity":34,"s:65:21:65:Infinity":35,"s:66:10:66:Infinity":36,"s:68:10:68:Infinity":37,"s:69:10:69:Infinity":38,"f:69:26:69:27":7,"s:69:36:69:44":39,"s:70:10:70:Infinity":40,"s:73:8:73:Infinity":41,"s:74:8:74:Infinity":42,"f:74:24:74:25":8,"s:74:34:74:42":43,"s:75:8:75:Infinity":44,"s:81:2:87:Infinity":45}}}
,"/private/var/folders/0l/mc1cqw8n1hjg21hkxmy08d4h0000gn/T/vibe-kanban/worktrees/792d-unit-tests/project/src/hooks/useOnlineStatus.ts": {"path":"/private/var/folders/0l/mc1cqw8n1hjg21hkxmy08d4h0000gn/T/vibe-kanban/worktrees/792d-unit-tests/project/src/hooks/useOnlineStatus.ts","statementMap":{"0":{"start":{"line":4,"column":30},"end":{"line":4,"column":null}},"1":{"start":{"line":6,"column":2},"end":{"line":17,"column":null}},"2":{"start":{"line":7,"column":25},"end":{"line":7,"column":null}},"3":{"start":{"line":7,"column":31},"end":{"line":7,"column":null}},"4":{"start":{"line":8,"column":26},"end":{"line":8,"column":null}},"5":{"start":{"line":8,"column":32},"end":{"line":8,"column":null}},"6":{"start":{"line":10,"column":4},"end":{"line":10,"column":null}},"7":{"start":{"line":11,"column":4},"end":{"line":11,"column":null}},"8":{"start":{"line":13,"column":4},"end":{"line":16,"column":null}},"9":{"start":{"line":14,"column":6},"end":{"line":14,"column":null}},"10":{"start":{"line":15,"column":6},"end":{"line":15,"column":null}},"11":{"start":{"line":19,"column":2},"end":{"line":19,"column":null}}},"fnMap":{"0":{"name":"useOnlineStatus","decl":{"start":{"line":3,"column":16},"end":{"line":3,"column":34}},"loc":{"start":{"line":3,"column":34},"end":{"line":20,"column":null}},"line":3},"1":{"name":"(anonymous_1)","decl":{"start":{"line":6,"column":12},"end":{"line":6,"column":18}},"loc":{"start":{"line":6,"column":18},"end":{"line":17,"column":5}},"line":6},"2":{"name":"(anonymous_2)","decl":{"start":{"line":7,"column":25},"end":{"line":7,"column":31}},"loc":{"start":{"line":7,"column":31},"end":{"line":7,"column":null}},"line":7},"3":{"name":"(anonymous_3)","decl":{"start":{"line":8,"column":26},"end":{"line":8,"column":32}},"loc":{"start":{"line":8,"column":32},"end":{"line":8,"column":null}},"line":8},"4":{"name":"(anonymous_4)","decl":{"start":{"line":13,"column":11},"end":{"line":13,"column":17}},"loc":{"start":{"line":13,"column":17},"end":{"line":16,"column":null}},"line":13}},"branchMap":{},"s":{"0":5,"1":5,"2":3,"3":1,"4":3,"5":1,"6":3,"7":3,"8":3,"9":3,"10":3,"11":5},"f":{"0":5,"1":3,"2":1,"3":1,"4":3},"b":{},"meta":{"lastBranch":0,"lastFunction":5,"lastStatement":12,"seen":{"f:3:16:3:34":0,"s:4:30:4:Infinity":0,"s:6:2:17:Infinity":1,"f:6:12:6:18":1,"s:7:25:7:Infinity":2,"f:7:25:7:31":2,"s:7:31:7:Infinity":3,"s:8:26:8:Infinity":4,"f:8:26:8:32":3,"s:8:32:8:Infinity":5,"s:10:4:10:Infinity":6,"s:11:4:11:Infinity":7,"s:13:4:16:Infinity":8,"f:13:11:13:17":4,"s:14:6:14:Infinity":9,"s:15:6:15:Infinity":10,"s:19:2:19:Infinity":11}}}
,"/private/var/folders/0l/mc1cqw8n1hjg21hkxmy08d4h0000gn/T/vibe-kanban/worktrees/792d-unit-tests/project/src/lib/notifications.ts": {"path":"/private/var/folders/0l/mc1cqw8n1hjg21hkxmy08d4h0000gn/T/vibe-kanban/worktrees/792d-unit-tests/project/src/lib/notifications.ts","statementMap":{"0":{"start":{"line":14,"column":2},"end":{"line":40,"column":null}},"1":{"start":{"line":15,"column":19},"end":{"line":15,"column":null}},"2":{"start":{"line":17,"column":34},"end":{"line":17,"column":null}},"3":{"start":{"line":18,"column":18},"end":{"line":18,"column":null}},"4":{"start":{"line":20,"column":4},"end":{"line":23,"column":null}},"5":{"start":{"line":21,"column":6},"end":{"line":21,"column":null}},"6":{"start":{"line":22,"column":6},"end":{"line":22,"column":null}},"7":{"start":{"line":25,"column":21},"end":{"line":32,"column":null}},"8":{"start":{"line":34,"column":4},"end":{"line":37,"column":null}},"9":{"start":{"line":35,"column":20},"end":{"line":35,"column":null}},"10":{"start":{"line":36,"column":6},"end":{"line":36,"column":null}},"11":{"start":{"line":39,"column":4},"end":{"line":39,"column":null}}},"fnMap":{"0":{"name":"sendNotification","decl":{"start":{"line":13,"column":22},"end":{"line":13,"column":39}},"loc":{"start":{"line":13,"column":78},"end":{"line":41,"column":null}},"line":13}},"branchMap":{"0":{"loc":{"start":{"line":20,"column":4},"end":{"line":23,"column":null}},"type":"if","locations":[{"start":{"line":20,"column":4},"end":{"line":23,"column":null}},{"start":{},"end":{}}],"line":20},"1":{"loc":{"start":{"line":34,"column":4},"end":{"line":37,"column":null}},"type":"if","locations":[{"start":{"line":34,"column":4},"end":{"line":37,"column":null}},{"start":{},"end":{}}],"line":34}},"s":{"0":4,"1":4,"2":4,"3":3,"4":4,"5":1,"6":1,"7":2,"8":2,"9":1,"10":1,"11":1},"f":{"0":4},"b":{"0":[1,3],"1":[1,1]},"meta":{"lastBranch":2,"lastFunction":1,"lastStatement":12,"seen":{"f:13:22:13:39":0,"s:14:2:40:Infinity":0,"s:15:19:15:Infinity":1,"s:17:34:17:Infinity":2,"s:18:18:18:Infinity":3,"b:20:4:23:Infinity:undefined:undefined:undefined:undefined":0,"s:20:4:23:Infinity":4,"s:21:6:21:Infinity":5,"s:22:6:22:Infinity":6,"s:25:21:32:Infinity":7,"b:34:4:37:Infinity:undefined:undefined:undefined:undefined":1,"s:34:4:37:Infinity":8,"s:35:20:35:Infinity":9,"s:36:6:36:Infinity":10,"s:39:4:39:Infinity":11}}}
,"/private/var/folders/0l/mc1cqw8n1hjg21hkxmy08d4h0000gn/T/vibe-kanban/worktrees/792d-unit-tests/project/src/lib/offlineDb.ts": {"path":"/private/var/folders/0l/mc1cqw8n1hjg21hkxmy08d4h0000gn/T/vibe-kanban/worktrees/792d-unit-tests/project/src/lib/offlineDb.ts","statementMap":{"0":{"start":{"line":1,"column":16},"end":{"line":1,"column":null}},"1":{"start":{"line":2,"column":19},"end":{"line":2,"column":null}},"2":{"start":{"line":11,"column":29},"end":{"line":11,"column":null}},"3":{"start":{"line":14,"column":2},"end":{"line":14,"column":null}},"4":{"start":{"line":14,"column":10},"end":{"line":14,"column":null}},"5":{"start":{"line":16,"column":2},"end":{"line":37,"column":null}},"6":{"start":{"line":17,"column":20},"end":{"line":17,"column":null}},"7":{"start":{"line":19,"column":4},"end":{"line":19,"column":null}},"8":{"start":{"line":19,"column":28},"end":{"line":19,"column":null}},"9":{"start":{"line":20,"column":4},"end":{"line":23,"column":null}},"10":{"start":{"line":21,"column":6},"end":{"line":21,"column":null}},"11":{"start":{"line":22,"column":6},"end":{"line":22,"column":null}},"12":{"start":{"line":25,"column":4},"end":{"line":36,"column":null}},"13":{"start":{"line":26,"column":24},"end":{"line":26,"column":null}},"14":{"start":{"line":28,"column":6},"end":{"line":30,"column":null}},"15":{"start":{"line":29,"column":8},"end":{"line":29,"column":null}},"16":{"start":{"line":32,"column":6},"end":{"line":35,"column":null}},"17":{"start":{"line":33,"column":22},"end":{"line":33,"column":null}},"18":{"start":{"line":34,"column":8},"end":{"line":34,"column":null}},"19":{"start":{"line":44,"column":19},"end":{"line":44,"column":null}},"20":{"start":{"line":45,"column":13},"end":{"line":45,"column":null}},"21":{"start":{"line":46,"column":33},"end":{"line":51,"column":null}},"22":{"start":{"line":53,"column":2},"end":{"line":60,"column":null}},"23":{"start":{"line":54,"column":24},"end":{"line":54,"column":null}},"24":{"start":{"line":55,"column":18},"end":{"line":55,"column":null}},"25":{"start":{"line":56,"column":20},"end":{"line":56,"column":null}},"26":{"start":{"line":58,"column":4},"end":{"line":58,"column":null}},"27":{"start":{"line":58,"column":30},"end":{"line":58,"column":null}},"28":{"start":{"line":59,"column":4},"end":{"line":59,"column":null}},"29":{"start":{"line":59,"column":28},"end":{"line":59,"column":null}},"30":{"start":{"line":64,"column":19},"end":{"line":64,"column":null}},"31":{"start":{"line":66,"column":2},"end":{"line":73,"column":null}},"32":{"start":{"line":67,"column":24},"end":{"line":67,"column":null}},"33":{"start":{"line":68,"column":18},"end":{"line":68,"column":null}},"34":{"start":{"line":69,"column":20},"end":{"line":69,"column":null}},"35":{"start":{"line":71,"column":4},"end":{"line":71,"column":null}},"36":{"start":{"line":71,"column":30},"end":{"line":71,"column":null}},"37":{"start":{"line":72,"column":4},"end":{"line":72,"column":null}},"38":{"start":{"line":72,"column":28},"end":{"line":72,"column":null}},"39":{"start":{"line":77,"column":19},"end":{"line":77,"column":null}},"40":{"start":{"line":79,"column":2},"end":{"line":86,"column":null}},"41":{"start":{"line":80,"column":24},"end":{"line":80,"column":null}},"42":{"start":{"line":81,"column":18},"end":{"line":81,"column":null}},"43":{"start":{"line":82,"column":20},"end":{"line":82,"column":null}},"44":{"start":{"line":84,"column":4},"end":{"line":84,"column":null}},"45":{"start":{"line":84,"column":30},"end":{"line":84,"column":null}},"46":{"start":{"line":85,"column":4},"end":{"line":85,"column":null}},"47":{"start":{"line":85,"column":28},"end":{"line":85,"column":null}},"48":{"start":{"line":94,"column":19},"end":{"line":94,"column":null}},"49":{"start":{"line":96,"column":2},"end":{"line":103,"column":null}},"50":{"start":{"line":97,"column":24},"end":{"line":97,"column":null}},"51":{"start":{"line":98,"column":18},"end":{"line":98,"column":null}},"52":{"start":{"line":99,"column":20},"end":{"line":99,"column":null}},"53":{"start":{"line":101,"column":4},"end":{"line":101,"column":null}},"54":{"start":{"line":101,"column":30},"end":{"line":101,"column":null}},"55":{"start":{"line":102,"column":4},"end":{"line":102,"column":null}},"56":{"start":{"line":102,"column":28},"end":{"line":102,"column":null}},"57":{"start":{"line":107,"column":19},"end":{"line":107,"column":null}},"58":{"start":{"line":109,"column":2},"end":{"line":118,"column":null}},"59":{"start":{"line":110,"column":24},"end":{"line":110,"column":null}},"60":{"start":{"line":111,"column":18},"end":{"line":111,"column":null}},"61":{"start":{"line":112,"column":20},"end":{"line":112,"column":null}},"62":{"start":{"line":114,"column":4},"end":{"line":116,"column":null}},"63":{"start":{"line":115,"column":6},"end":{"line":115,"column":null}},"64":{"start":{"line":117,"column":4},"end":{"line":117,"column":null}},"65":{"start":{"line":117,"column":28},"end":{"line":117,"column":null}},"66":{"start":{"line":122,"column":19},"end":{"line":122,"column":null}},"67":{"start":{"line":124,"column":2},"end":{"line":131,"column":null}},"68":{"start":{"line":125,"column":24},"end":{"line":125,"column":null}},"69":{"start":{"line":126,"column":4},"end":{"line":126,"column":null}},"70":{"start":{"line":127,"column":4},"end":{"line":127,"column":null}},"71":{"start":{"line":129,"column":4},"end":{"line":129,"column":null}},"72":{"start":{"line":129,"column":35},"end":{"line":129,"column":null}},"73":{"start":{"line":130,"column":4},"end":{"line":130,"column":null}},"74":{"start":{"line":130,"column":32},"end":{"line":130,"column":null}}},"fnMap":{"0":{"name":"initOfflineDb","decl":{"start":{"line":13,"column":22},"end":{"line":13,"column":60}},"loc":{"start":{"line":13,"column":60},"end":{"line":38,"column":null}},"line":13},"1":{"name":"(anonymous_1)","decl":{"start":{"line":16,"column":21},"end":{"line":16,"column":22}},"loc":{"start":{"line":16,"column":42},"end":{"line":37,"column":3}},"line":16},"2":{"name":"(anonymous_2)","decl":{"start":{"line":19,"column":22},"end":{"line":19,"column":28}},"loc":{"start":{"line":19,"column":28},"end":{"line":19,"column":null}},"line":19},"3":{"name":"(anonymous_3)","decl":{"start":{"line":20,"column":24},"end":{"line":20,"column":30}},"loc":{"start":{"line":20,"column":30},"end":{"line":23,"column":null}},"line":20},"4":{"name":"(anonymous_4)","decl":{"start":{"line":25,"column":30},"end":{"line":25,"column":31}},"loc":{"start":{"line":25,"column":41},"end":{"line":36,"column":null}},"line":25},"5":{"name":"addToOfflineQueue","decl":{"start":{"line":40,"column":22},"end":{"line":40,"column":null}},"loc":{"start":{"line":43,"column":19},"end":{"line":61,"column":null}},"line":43},"6":{"name":"(anonymous_6)","decl":{"start":{"line":53,"column":21},"end":{"line":53,"column":22}},"loc":{"start":{"line":53,"column":42},"end":{"line":60,"column":3}},"line":53},"7":{"name":"(anonymous_7)","decl":{"start":{"line":58,"column":24},"end":{"line":58,"column":30}},"loc":{"start":{"line":58,"column":30},"end":{"line":58,"column":null}},"line":58},"8":{"name":"(anonymous_8)","decl":{"start":{"line":59,"column":22},"end":{"line":59,"column":28}},"loc":{"start":{"line":59,"column":28},"end":{"line":59,"column":null}},"line":59},"9":{"name":"getOfflineQueue","decl":{"start":{"line":63,"column":22},"end":{"line":63,"column":69}},"loc":{"start":{"line":63,"column":69},"end":{"line":74,"column":null}},"line":63},"10":{"name":"(anonymous_10)","decl":{"start":{"line":66,"column":21},"end":{"line":66,"column":22}},"loc":{"start":{"line":66,"column":42},"end":{"line":73,"column":3}},"line":66},"11":{"name":"(anonymous_11)","decl":{"start":{"line":71,"column":24},"end":{"line":71,"column":30}},"loc":{"start":{"line":71,"column":30},"end":{"line":71,"column":null}},"line":71},"12":{"name":"(anonymous_12)","decl":{"start":{"line":72,"column":22},"end":{"line":72,"column":28}},"loc":{"start":{"line":72,"column":28},"end":{"line":72,"column":null}},"line":72},"13":{"name":"removeFromOfflineQueue","decl":{"start":{"line":76,"column":22},"end":{"line":76,"column":45}},"loc":{"start":{"line":76,"column":72},"end":{"line":87,"column":null}},"line":76},"14":{"name":"(anonymous_14)","decl":{"start":{"line":79,"column":21},"end":{"line":79,"column":22}},"loc":{"start":{"line":79,"column":42},"end":{"line":86,"column":3}},"line":79},"15":{"name":"(anonymous_15)","decl":{"start":{"line":84,"column":24},"end":{"line":84,"column":30}},"loc":{"start":{"line":84,"column":30},"end":{"line":84,"column":null}},"line":84},"16":{"name":"(anonymous_16)","decl":{"start":{"line":85,"column":22},"end":{"line":85,"column":28}},"loc":{"start":{"line":85,"column":28},"end":{"line":85,"column":null}},"line":85},"17":{"name":"cacheData","decl":{"start":{"line":89,"column":22},"end":{"line":89,"column":null}},"loc":{"start":{"line":93,"column":17},"end":{"line":104,"column":null}},"line":93},"18":{"name":"(anonymous_18)","decl":{"start":{"line":96,"column":21},"end":{"line":96,"column":22}},"loc":{"start":{"line":96,"column":42},"end":{"line":103,"column":3}},"line":96},"19":{"name":"(anonymous_19)","decl":{"start":{"line":101,"column":24},"end":{"line":101,"column":30}},"loc":{"start":{"line":101,"column":30},"end":{"line":101,"column":null}},"line":101},"20":{"name":"(anonymous_20)","decl":{"start":{"line":102,"column":22},"end":{"line":102,"column":28}},"loc":{"start":{"line":102,"column":28},"end":{"line":102,"column":null}},"line":102},"21":{"name":"getCachedData","decl":{"start":{"line":106,"column":22},"end":{"line":106,"column":39}},"loc":{"start":{"line":106,"column":71},"end":{"line":119,"column":null}},"line":106},"22":{"name":"(anonymous_22)","decl":{"start":{"line":109,"column":21},"end":{"line":109,"column":22}},"loc":{"start":{"line":109,"column":42},"end":{"line":118,"column":3}},"line":109},"23":{"name":"(anonymous_23)","decl":{"start":{"line":114,"column":24},"end":{"line":114,"column":30}},"loc":{"start":{"line":114,"column":30},"end":{"line":116,"column":null}},"line":114},"24":{"name":"(anonymous_24)","decl":{"start":{"line":117,"column":22},"end":{"line":117,"column":28}},"loc":{"start":{"line":117,"column":28},"end":{"line":117,"column":null}},"line":117},"25":{"name":"clearCache","decl":{"start":{"line":121,"column":22},"end":{"line":121,"column":50}},"loc":{"start":{"line":121,"column":50},"end":{"line":132,"column":null}},"line":121},"26":{"name":"(anonymous_26)","decl":{"start":{"line":124,"column":21},"end":{"line":124,"column":22}},"loc":{"start":{"line":124,"column":42},"end":{"line":131,"column":3}},"line":124},"27":{"name":"(anonymous_27)","decl":{"start":{"line":129,"column":29},"end":{"line":129,"column":35}},"loc":{"start":{"line":129,"column":35},"end":{"line":129,"column":null}},"line":129},"28":{"name":"(anonymous_28)","decl":{"start":{"line":130,"column":26},"end":{"line":130,"column":32}},"loc":{"start":{"line":130,"column":32},"end":{"line":130,"column":null}},"line":130}},"branchMap":{"0":{"loc":{"start":{"line":14,"column":2},"end":{"line":14,"column":null}},"type":"if","locations":[{"start":{"line":14,"column":2},"end":{"line":14,"column":null}},{"start":{},"end":{}}],"line":14},"1":{"loc":{"start":{"line":28,"column":6},"end":{"line":30,"column":null}},"type":"if","locations":[{"start":{"line":28,"column":6},"end":{"line":30,"column":null}},{"start":{},"end":{}}],"line":28},"2":{"loc":{"start":{"line":32,"column":6},"end":{"line":35,"column":null}},"type":"if","locations":[{"start":{"line":32,"column":6},"end":{"line":35,"column":null}},{"start":{},"end":{}}],"line":32},"3":{"loc":{"start":{"line":115,"column":14},"end":{"line":115,"column":42}},"type":"binary-expr","locations":[{"start":{"line":115,"column":14},"end":{"line":115,"column":38}},{"start":{"line":115,"column":38},"end":{"line":115,"column":42}}],"line":115}},"s":{"0":2,"1":2,"2":2,"3":24,"4":23,"5":1,"6":1,"7":1,"8":0,"9":1,"10":1,"11":1,"12":1,"13":1,"14":1,"15":1,"16":1,"17":1,"18":1,"19":3,"20":3,"21":3,"22":3,"23":3,"24":3,"25":3,"26":3,"27":3,"28":3,"29":0,"30":3,"31":3,"32":3,"33":3,"34":3,"35":3,"36":3,"37":3,"38":0,"39":1,"40":1,"41":1,"42":1,"43":1,"44":1,"45":1,"46":1,"47":0,"48":4,"49":4,"50":4,"51":4,"52":4,"53":4,"54":4,"55":4,"56":0,"57":4,"58":4,"59":4,"60":4,"61":4,"62":4,"63":4,"64":4,"65":0,"66":8,"67":8,"68":8,"69":8,"70":8,"71":8,"72":8,"73":8,"74":0},"f":{"0":24,"1":1,"2":0,"3":1,"4":1,"5":3,"6":3,"7":3,"8":0,"9":3,"10":3,"11":3,"12":0,"13":1,"14":1,"15":1,"16":0,"17":4,"18":4,"19":4,"20":0,"21":4,"22":4,"23":4,"24":0,"25":8,"26":8,"27":8,"28":0},"b":{"0":[23,1],"1":[1,0],"2":[1,0],"3":[4,2]},"meta":{"lastBranch":4,"lastFunction":29,"lastStatement":75,"seen":{"s:1:16:1:Infinity":0,"s:2:19:2:Infinity":1,"s:11:29:11:Infinity":2,"f:13:22:13:60":0,"b:14:2:14:Infinity:undefined:undefined:undefined:undefined":0,"s:14:2:14:Infinity":3,"s:14:10:14:Infinity":4,"s:16:2:37:Infinity":5,"f:16:21:16:22":1,"s:17:20:17:Infinity":6,"s:19:4:19:Infinity":7,"f:19:22:19:28":2,"s:19:28:19:Infinity":8,"s:20:4:23:Infinity":9,"f:20:24:20:30":3,"s:21:6:21:Infinity":10,"s:22:6:22:Infinity":11,"s:25:4:36:Infinity":12,"f:25:30:25:31":4,"s:26:24:26:Infinity":13,"b:28:6:30:Infinity:undefined:undefined:undefined:undefined":1,"s:28:6:30:Infinity":14,"s:29:8:29:Infinity":15,"b:32:6:35:Infinity:undefined:undefined:undefined:undefined":2,"s:32:6:35:Infinity":16,"s:33:22:33:Infinity":17,"s:34:8:34:Infinity":18,"f:40:22:40:Infinity":5,"s:44:19:44:Infinity":19,"s:45:13:45:Infinity":20,"s:46:33:51:Infinity":21,"s:53:2:60:Infinity":22,"f:53:21:53:22":6,"s:54:24:54:Infinity":23,"s:55:18:55:Infinity":24,"s:56:20:56:Infinity":25,"s:58:4:58:Infinity":26,"f:58:24:58:30":7,"s:58:30:58:Infinity":27,"s:59:4:59:Infinity":28,"f:59:22:59:28":8,"s:59:28:59:Infinity":29,"f:63:22:63:69":9,"s:64:19:64:Infinity":30,"s:66:2:73:Infinity":31,"f:66:21:66:22":10,"s:67:24:67:Infinity":32,"s:68:18:68:Infinity":33,"s:69:20:69:Infinity":34,"s:71:4:71:Infinity":35,"f:71:24:71:30":11,"s:71:30:71:Infinity":36,"s:72:4:72:Infinity":37,"f:72:22:72:28":12,"s:72:28:72:Infinity":38,"f:76:22:76:45":13,"s:77:19:77:Infinity":39,"s:79:2:86:Infinity":40,"f:79:21:79:22":14,"s:80:24:80:Infinity":41,"s:81:18:81:Infinity":42,"s:82:20:82:Infinity":43,"s:84:4:84:Infinity":44,"f:84:24:84:30":15,"s:84:30:84:Infinity":45,"s:85:4:85:Infinity":46,"f:85:22:85:28":16,"s:85:28:85:Infinity":47,"f:89:22:89:Infinity":17,"s:94:19:94:Infinity":48,"s:96:2:103:Infinity":49,"f:96:21:96:22":18,"s:97:24:97:Infinity":50,"s:98:18:98:Infinity":51,"s:99:20:99:Infinity":52,"s:101:4:101:Infinity":53,"f:101:24:101:30":19,"s:101:30:101:Infinity":54,"s:102:4:102:Infinity":55,"f:102:22:102:28":20,"s:102:28:102:Infinity":56,"f:106:22:106:39":21,"s:107:19:107:Infinity":57,"s:109:2:118:Infinity":58,"f:109:21:109:22":22,"s:110:24:110:Infinity":59,"s:111:18:111:Infinity":60,"s:112:20:112:Infinity":61,"s:114:4:116:Infinity":62,"f:114:24:114:30":23,"s:115:6:115:Infinity":63,"b:115:14:115:38:115:38:115:42":3,"s:117:4:117:Infinity":64,"f:117:22:117:28":24,"s:117:28:117:Infinity":65,"f:121:22:121:50":25,"s:122:19:122:Infinity":66,"s:124:2:131:Infinity":67,"f:124:21:124:22":26,"s:125:24:125:Infinity":68,"s:126:4:126:Infinity":69,"s:127:4:127:Infinity":70,"s:129:4:129:Infinity":71,"f:129:29:129:35":27,"s:129:35:129:Infinity":72,"s:130:4:130:Infinity":73,"f:130:26:130:32":28,"s:130:32:130:Infinity":74}}}
}
